<?xml version="1.0" encoding="UTF-8"?>
<!-- Generated by org.testng.reporters.JUnitReportReporter -->
<testsuite hostname="BDC6-L-3326JF2" failures="0" tests="2" name="com.test.runner.TestRunner" time="116.950" errors="0" timestamp="2024-05-18T00:01:48 IST" skipped="0">
  <testcase classname="com.test.runner.TestRunner" name="runScenario" time="82.195"/>
  <system-out/>
  <testcase classname="com.test.runner.TestRunner" name="runScenario" time="34.755"/>
  <system-out/>
</testsuite> <!-- com.test.runner.TestRunner -->
