<?xml version="1.0" encoding="UTF-8"?>
<!-- Generated by org.testng.reporters.JUnitReportReporter -->
<testsuite hostname="BDC6-L-3326JF2" failures="0" tests="1" name="com.test.runner.TestRunner" time="32.756" errors="0" timestamp="2024-04-30T16:59:09 IST" skipped="0">
  <testcase classname="com.test.runner.TestRunner" name="runScenario" time="32.756"/>
  <system-out/>
</testsuite> <!-- com.test.runner.TestRunner -->
