<?xml version="1.0" encoding="UTF-8"?>
<!-- Generated by org.testng.reporters.JUnitReportReporter -->
<testsuite hostname="BDC6-L-3326JF2" failures="0" tests="2" name="com.test.runner.TestRunner" time="68.219" errors="0" timestamp="2024-05-11T13:19:29 IST" skipped="0">
  <testcase classname="com.test.runner.TestRunner" name="runScenario" time="40.543"/>
  <system-out/>
  <testcase classname="com.test.runner.TestRunner" name="runScenario" time="27.676"/>
  <system-out/>
</testsuite> <!-- com.test.runner.TestRunner -->
