<?xml version="1.0" encoding="UTF-8"?>
<!-- Generated by org.testng.reporters.JUnitReportReporter -->
<testsuite hostname="BDC6-L-3326JF2" failures="0" tests="1" name="com.test.runner.TestRunner" time="27.890" errors="0" timestamp="2024-05-02T19:46:29 IST" skipped="0">
  <testcase classname="com.test.runner.TestRunner" name="runScenario" time="27.890"/>
  <system-out/>
</testsuite> <!-- com.test.runner.TestRunner -->
