<?xml version="1.0" encoding="UTF-8"?>
<!-- Generated by org.testng.reporters.JUnitReportReporter -->
<testsuite hostname="BDC6-L-3326JF2" failures="0" tests="2" name="com.test.runner.TestRunner" time="45.683" errors="0" timestamp="2024-05-09T20:53:48 IST" skipped="0">
  <testcase classname="com.test.runner.TestRunner" name="runScenario" time="15.579"/>
  <system-out/>
  <testcase classname="com.test.runner.TestRunner" name="runScenario" time="30.104"/>
  <system-out/>
</testsuite> <!-- com.test.runner.TestRunner -->
