<?xml version="1.0" encoding="UTF-8"?>
<!-- Generated by org.testng.reporters.JUnitReportReporter -->
<testsuite hostname="LAPTOP-7FP8TP6T" failures="0" tests="2" name="com.test.runner.TestRunner" time="40.774" errors="0" timestamp="2024-05-11T13:56:52 IST" skipped="0">
  <testcase classname="com.test.runner.TestRunner" name="runScenario" time="24.790"/>
  <system-out/>
  <testcase classname="com.test.runner.TestRunner" name="runScenario" time="15.984"/>
  <system-out/>
</testsuite> <!-- com.test.runner.TestRunner -->
